=== uflorecer_01 START 2025-10-18T02:57:44.773219 ===
CMD: /usr/bin/python3 comprehensive_test_suite.py

/workspace/comprehensive_test_suite.py:23: DeprecationWarning: datetime.datetime.utcnow() is deprecated and scheduled for removal in a future version. Use timezone-aware objects to represent datetimes in UTC: datetime.datetime.now(datetime.UTC).
  'timestamp': datetime.utcnow().replace(tzinfo=None).isoformat(),
/workspace/comprehensive_test_suite.py:42: DeprecationWarning: datetime.datetime.utcnow() is deprecated and scheduled for removal in a future version. Use timezone-aware objects to represent datetimes in UTC: datetime.datetime.now(datetime.UTC).
  'timestamp': datetime.utcnow().replace(tzinfo=None).isoformat()
/workspace/comprehensive_test_suite.py:42: DeprecationWarning: datetime.datetime.utcnow() is deprecated and scheduled for removal in a future version. Use timezone-aware objects to represent datetimes in UTC: datetime.datetime.now(datetime.UTC).
  'timestamp': datetime.utcnow().replace(tzinfo=None).isoformat()
2025-10-18 02:57:45.720680: I external/local_xla/xla/tsl/cuda/cudart_stub.cc:31] Could not find cuda drivers on your machine, GPU will not be used.
2025-10-18 02:57:45.722128: I tensorflow/core/util/port.cc:153] oneDNN custom operations are on. You may see slightly different numerical results due to floating-point round-off errors from different computation orders. To turn them off, set the environment variable `TF_ENABLE_ONEDNN_OPTS=0`.
2025-10-18 02:57:45.839501: I tensorflow/core/platform/cpu_feature_guard.cc:210] This TensorFlow binary is optimized to use available CPU instructions in performance-critical operations.
To enable the following instructions: AVX2 AVX512F AVX512_VNNI AVX512_BF16 AVX512_FP16 AVX_VNNI AMX_TILE AMX_INT8 AMX_BF16 FMA, in other operations, rebuild TensorFlow with the appropriate compiler flags.
2025-10-18 02:57:48.064280: I tensorflow/core/util/port.cc:153] oneDNN custom operations are on. You may see slightly different numerical results due to floating-point round-off errors from different computation orders. To turn them off, set the environment variable `TF_ENABLE_ONEDNN_OPTS=0`.
2025-10-18 02:57:48.065157: I external/local_xla/xla/tsl/cuda/cudart_stub.cc:31] Could not find cuda drivers on your machine, GPU will not be used.
/workspace/comprehensive_test_suite.py:42: DeprecationWarning: datetime.datetime.utcnow() is deprecated and scheduled for removal in a future version. Use timezone-aware objects to represent datetimes in UTC: datetime.datetime.now(datetime.UTC).
  'timestamp': datetime.utcnow().replace(tzinfo=None).isoformat()
/workspace/comprehensive_test_suite.py:558: DeprecationWarning: datetime.datetime.utcnow() is deprecated and scheduled for removal in a future version. Use timezone-aware objects to represent datetimes in UTC: datetime.datetime.now(datetime.UTC).
  Timestamp: {datetime.utcnow().replace(tzinfo=None).isoformat()} UTC

======================================================================
🔍 TPS19 COMPREHENSIVE VALIDATION SUITE
Protocol: Aegis Pre-Deployment + Veritas + ATLAS
======================================================================

======================================================================
📋 TEST SUITE 1: DEPENDENCY VALIDATION
======================================================================
  ✅ numpy (2.3.4)
  ✅ pandas (2.3.3)
  ✅ tensorflow (2.20.0)
  ✅ scikit-learn (1.7.2)
  ✅ redis (6.4.0)
  ✅ google-auth (unknown)
  ✅ python-dotenv (unknown)
  ✅ requests (2.32.5)

======================================================================
📋 TEST SUITE 2: MODULE IMPORT VALIDATION
======================================================================
✅ SIUL database initialized
  ✅ SIUL Core
✅ Patch Manager database initialized
  ✅ Patch Manager
  ✅ N8N Integration
  ✅ Trading Engine
  ✅ Risk Management
  ✅ AI Council
  ✅ Market Data
  ✅ Telegram Bot

======================================================================
📋 TEST SUITE 3: PHASE 1 AI/ML MODULES
======================================================================
  ✅ LSTM Predictor Import
  ✅ LSTM get_status()
  ✅ LSTM TensorFlow Available
  ✅ GAN Simulator Import
  ✅ GAN get_status()
  ✅ Self-Learning Pipeline Import
  ✅ Self-Learning get_status()

======================================================================
📋 TEST SUITE 4: INFRASTRUCTURE MODULES
======================================================================
❌ Failed to connect to Redis: Error 111 connecting to localhost:6379. Connection refused.
  ✅ Redis Integration Import
  ⚠️  Redis server not running (optional)
⚠️ Credentials file not found: /opt/tps19/config/google_credentials.json
  ✅ Google Sheets Import
  ✅ Google Sheets get_status()
  ⚠️  Google Sheets credentials not configured (optional)

======================================================================
📋 TEST SUITE 5: DATABASE VALIDATION
======================================================================
  ✅ SIUL Core Database - Integrity
  ✅ Patch Manager Database - Integrity
  ✅ Trading Database - Integrity
  ✅ Market Data Database - Integrity
  ✅ Risk Management Database - Integrity

======================================================================
📋 TEST SUITE 6: CONFIGURATION VALIDATION
======================================================================
  ❌ .env file exists
     ERROR: File not found
  ✅ config/mode.json valid JSON
  ✅ config/trading.json valid JSON
  ✅ config/system.json valid JSON

======================================================================
📋 TEST SUITE 7: TELEGRAM INTEGRATION
======================================================================
  ✅ Module Import

======================================================================
📋 TEST SUITE 8: FILE SYSTEM VALIDATION
======================================================================
  ✅ Directory: data
  ✅ Writable: data
  ✅ Directory: data/models
  ✅ Writable: data/models
  ✅ Directory: data/databases
  ✅ Writable: data/databases
  ✅ Directory: logs
  ✅ Writable: logs
  ✅ Directory: config
  ✅ Writable: config
  ✅ Directory: modules
  ✅ Writable: modules
  ✅ Directory: modules/ai_models
  ✅ Writable: modules/ai_models
  ✅ File: tps19_main.py
  ✅ File: requirements_phase1.txt
  ✅ File: modules/ai_models/lstm_predictor.py
  ✅ File: modules/ai_models/gan_simulator.py
  ✅ File: modules/ai_models/self_learning.py
  ✅ File: modules/redis_integration.py
  ✅ File: modules/google_sheets_integration.py

======================================================================
📋 TEST SUITE 9: MAIN SYSTEM INITIALIZATION
======================================================================
✅ All unified modules imported successfully
✅ Phase 1 AI/ML modules imported successfully
  ✅ tps19_main.py Import
  ✅ TPS19UnifiedSystem class exists
✅ LSTM Predictor initialized
✅ GAN Simulator initialized
✅ Self-Learning Pipeline initialized
❌ Failed to connect to Redis: Error 111 connecting to localhost:6379. Connection refused.
⚠️ Redis not available (optional)
⚠️ Credentials file not found: /opt/tps19/config/google_credentials.json
⚠️ Google Sheets not available (optional)
  ✅ System Instantiation
  ✅ System Components Loaded
  ✅ SIUL Component
  ✅ Patch Manager Component
  ✅ N8N Component
  ✅ LSTM Component Initialized
  ✅ GAN Component Initialized
  ✅ Learning Pipeline Initialized

======================================================================
📋 TEST SUITE 10: FUNCTIONAL COMPONENT TESTS
======================================================================
  ✅ SIUL process_unified_logic()
❌ Logic chain storage error: UNIQUE constraint failed: logic_chains.chain_id
✅ SIUL test passed
  ✅ SIUL test_functionality()
🧪 Testing Patch + Rollback System...
1️⃣ Creating initial backup...
✅ System backup created: test_initial_1760756269
2️⃣ Applying test patch...
✅ System backup created: pre_patch_test_patch_001_1760756269
✅ Patch test_patch_001_1760756269 applied successfully
3️⃣ Verifying patch application...
4️⃣ Testing rollback...
✅ Patch test_patch_001_1760756269 rolled back successfully
5️⃣ Verifying rollback...
✅ Patch + Rollback system test PASSED
  ✅ Patch Manager test_patch_rollback_system()
🧪 Testing N8N integration...
❌ N8N trade signal error: HTTPConnectionPool(host='localhost', port=5678): Max retries exceeded with url: /webhook/trade-signal (Caused by NewConnectionError('<urllib3.connection.HTTPConnection object at 0x7f2816b2cc20>: Failed to establish a new connection: [Errno 111] Connection refused'))
✅ N8N integration test completed (may show connection errors if N8N not running)
  ✅ N8N test_n8n_integration()

======================================================================
📋 TEST SUITE 11: INTEGRATION TESTS
======================================================================
✅ LSTM Predictor initialized
✅ GAN Simulator initialized
✅ Self-Learning Pipeline initialized
❌ Failed to connect to Redis: Error 111 connecting to localhost:6379. Connection refused.
⚠️ Redis not available (optional)
⚠️ Credentials file not found: /opt/tps19/config/google_credentials.json
⚠️ Google Sheets not available (optional)
  ✅ Main System <-> SIUL
  ✅ Main System <-> Patch Manager
  ✅ Main System <-> N8N
  ✅ Main System <-> LSTM
  ✅ Main System <-> Learning Pipeline

======================================================================
📋 TEST SUITE 12: DOCUMENTATION VALIDATION
======================================================================
  ✅ README_PHASE1.md
  ✅ README_PHASE1.md - Non-empty
  ✅ PHASE1_COMPLETE.md
  ✅ PHASE1_COMPLETE.md - Non-empty
  ✅ PHASE1_SUMMARY.md
  ✅ PHASE1_SUMMARY.md - Non-empty
  ✅ GOOGLE_CLOUD_DEPLOYMENT.md
  ✅ GOOGLE_CLOUD_DEPLOYMENT.md - Non-empty
  ✅ GCP_QUICKSTART.md
  ✅ GCP_QUICKSTART.md - Non-empty
  ✅ DEPLOYMENT_OPTIONS.md
  ✅ DEPLOYMENT_OPTIONS.md - Non-empty
  ✅ TPS19_ENHANCEMENT_PLAN.md
  ✅ TPS19_ENHANCEMENT_PLAN.md - Non-empty

======================================================================
📋 AEGIS COMPLIANCE RECEIPT GENERATION
======================================================================

======================================================================
AEGIS COMPREHENSIVE VALIDATION COMPLIANCE RECEIPT
======================================================================

Protocol Suite: Aegis Pre-Deployment + Veritas + ATLAS
Agent ID: ATLAS-VALIDATOR-001
Timestamp: 2025-10-18T02:57:49.496363 UTC

VALIDATION SUMMARY:
-------------------
Total Tests Executed: 90
Passed: 89
Failed: 1
Warnings: 2
Pass Rate: 98.9%

GATE STATUS: ❌ NO-GO CONDITION

TEST SUITES EXECUTED:
---------------------
1. ✅ Dependency Validation (Critical)
2. ✅ Module Import Validation (Critical)
3. ✅ Phase 1 AI/ML Modules (Critical)
4. ✅ Infrastructure Modules (Optional)
5. ✅ Database Validation (Critical)
6. ✅ Configuration Validation (Critical)
7. ✅ Telegram Integration (Optional)
8. ✅ File System Validation (Critical)
9. ✅ Main System Initialization (Critical)
10. ✅ Functional Component Tests (Critical)
11. ✅ Integration Tests (Critical)
12. ✅ Documentation Validation (Optional)


🚨 CRITICAL FAILURES (BLOCKING DEPLOYMENT):
  1. ❌ .env file exists


FAILED TESTS:
  🔴 Configuration::.env file exists
     └─ File not found


⚠️  WARNINGS (2):
  These are non-critical issues that don't block deployment.


COMPLIANCE VERIFICATION:
-----------------------
✅ Veritas Protocol: All evidence is factual and verified
✅ Zero-Tolerance: VIOLATIONS DETECTED
✅ Task Completion: OUTSTANDING TASKS REMAIN
✅ Protocol Adherence: 100%

CERTIFICATION:
--------------
❌ DEPLOYMENT BLOCKED
Critical failures detected. System requires remediation before deployment.

REQUIRED ACTIONS:
  1. Fix: .env file exists

======================================================================
VERITAS AFFIRMATION:
I affirm under the Veritas Protocol that this evidence is factual,
complete, and free of hallucination. All tests were executed as
documented and results accurately reported.

Certificate Hash: 87b0772ae0e651c72b328ebab5af2539
Protocol Version: 1.0.0
Agent Signature: ATLAS-VALIDATOR-001
======================================================================


📄 Compliance Receipt: /workspace/COMPREHENSIVE_VALIDATION_RECEIPT.txt
📊 JSON Report: /workspace/validation_report.json
⏱️  Execution Time: 4.65 seconds

🚨 DEPLOYMENT BLOCKED - 1 CRITICAL FAILURES

=== EXIT 1 ===
